d:\users\matthew\documents\portfolio\white death\whitedeathgameengine\gameengine\debug\gameengine.pdb
d:\users\matthew\documents\portfolio\white death\whitedeathgameengine\gameengine\debug\gameengine.idb
d:\users\matthew\documents\portfolio\white death\whitedeathgameengine\gameengine\debug\rendersystem.obj
d:\users\matthew\documents\portfolio\white death\whitedeathgameengine\gameengine\debug\shader.obj
d:\users\matthew\documents\portfolio\white death\whitedeathgameengine\gameengine\debug\window.obj
d:\users\matthew\documents\portfolio\white death\whitedeathgameengine\gameengine\debug\window_gl.obj
d:\users\matthew\documents\portfolio\white death\whitedeathgameengine\gameengine\debug\mesh.obj
d:\users\matthew\documents\portfolio\white death\whitedeathgameengine\gameengine\debug\component.obj
d:\users\matthew\documents\portfolio\white death\whitedeathgameengine\gameengine\debug\gameobject.obj
d:\users\matthew\documents\portfolio\white death\whitedeathgameengine\gameengine\debug\scene.obj
d:\users\matthew\documents\portfolio\white death\whitedeathgameengine\gameengine\debug\scenemanager.obj
d:\users\matthew\documents\portfolio\white death\whitedeathgameengine\gameengine\debug\gamemanager.obj
d:\users\matthew\documents\portfolio\white death\whitedeathgameengine\gameengine\debug\rendercomponent.obj
d:\users\matthew\documents\portfolio\white death\whitedeathgameengine\gameengine\debug\transformcomponent.obj
d:\users\matthew\documents\masters degree\dissertation\golfballphysicssim\debug\gameengine.lib
d:\users\matthew\documents\masters degree\dissertation\golfballphysicssim\gameengine\debug\component.obj
d:\users\matthew\documents\masters degree\dissertation\golfballphysicssim\gameengine\debug\gamemanager.obj
d:\users\matthew\documents\masters degree\dissertation\golfballphysicssim\gameengine\debug\gameobject.obj
d:\users\matthew\documents\masters degree\dissertation\golfballphysicssim\gameengine\debug\mesh.obj
d:\users\matthew\documents\masters degree\dissertation\golfballphysicssim\gameengine\debug\rendercomponent.obj
d:\users\matthew\documents\masters degree\dissertation\golfballphysicssim\gameengine\debug\rendersystem.obj
d:\users\matthew\documents\masters degree\dissertation\golfballphysicssim\gameengine\debug\scene.obj
d:\users\matthew\documents\masters degree\dissertation\golfballphysicssim\gameengine\debug\scenemanager.obj
d:\users\matthew\documents\masters degree\dissertation\golfballphysicssim\gameengine\debug\shader.obj
d:\users\matthew\documents\masters degree\dissertation\golfballphysicssim\gameengine\debug\transformcomponent.obj
d:\users\matthew\documents\masters degree\dissertation\golfballphysicssim\gameengine\debug\window.obj
d:\users\matthew\documents\masters degree\dissertation\golfballphysicssim\gameengine\debug\window_gl.obj
d:\users\matthew\documents\masters degree\dissertation\golfballphysicssim\gameengine\debug\gameengine.idb
d:\users\matthew\documents\masters degree\dissertation\golfballphysicssim\gameengine\debug\gameengine.pdb
d:\users\matthew\documents\masters degree\dissertation\golfballphysicssim\debug\gameengine.pdb
d:\users\matthew\documents\masters degree\dissertation\golfballphysicssim\gameengine\debug\gameengine.tlog\cl.command.1.tlog
d:\users\matthew\documents\masters degree\dissertation\golfballphysicssim\gameengine\debug\gameengine.tlog\cl.read.1.tlog
d:\users\matthew\documents\masters degree\dissertation\golfballphysicssim\gameengine\debug\gameengine.tlog\cl.write.1.tlog
d:\users\matthew\documents\masters degree\dissertation\golfballphysicssim\gameengine\debug\gameengine.tlog\lib-link.read.1.tlog
d:\users\matthew\documents\masters degree\dissertation\golfballphysicssim\gameengine\debug\gameengine.tlog\lib-link.write.1.tlog
d:\users\matthew\documents\masters degree\dissertation\golfballphysicssim\gameengine\debug\gameengine.tlog\lib.command.1.tlog
