d:\users\matthew\documents\masters degree\dissertation\golfballphysicssim\gameengine\release\gameengine.pdb
d:\users\matthew\documents\masters degree\dissertation\golfballphysicssim\gameengine\release\window_gl.obj
d:\users\matthew\documents\masters degree\dissertation\golfballphysicssim\gameengine\release\window.obj
d:\users\matthew\documents\masters degree\dissertation\golfballphysicssim\gameengine\release\transformcomponent.obj
d:\users\matthew\documents\masters degree\dissertation\golfballphysicssim\gameengine\release\shader.obj
d:\users\matthew\documents\masters degree\dissertation\golfballphysicssim\gameengine\release\scenemanager.obj
d:\users\matthew\documents\masters degree\dissertation\golfballphysicssim\gameengine\release\scene.obj
d:\users\matthew\documents\masters degree\dissertation\golfballphysicssim\gameengine\release\rendersystem.obj
d:\users\matthew\documents\masters degree\dissertation\golfballphysicssim\gameengine\release\rendercomponent.obj
d:\users\matthew\documents\masters degree\dissertation\golfballphysicssim\gameengine\release\mesh.obj
d:\users\matthew\documents\masters degree\dissertation\golfballphysicssim\gameengine\release\gameobject.obj
d:\users\matthew\documents\masters degree\dissertation\golfballphysicssim\gameengine\release\gamemanager.obj
d:\users\matthew\documents\masters degree\dissertation\golfballphysicssim\gameengine\release\component.obj
d:\users\matthew\documents\masters degree\dissertation\golfballphysicssim\release\gameengine.lib
d:\users\matthew\documents\masters degree\dissertation\golfballphysicssim\gameengine\release\vc140.pdb
d:\users\matthew\documents\masters degree\dissertation\golfballphysicssim\gameengine\release\gameengine.tlog\cl.command.1.tlog
d:\users\matthew\documents\masters degree\dissertation\golfballphysicssim\gameengine\release\gameengine.tlog\cl.read.1.tlog
d:\users\matthew\documents\masters degree\dissertation\golfballphysicssim\gameengine\release\gameengine.tlog\cl.write.1.tlog
d:\users\matthew\documents\masters degree\dissertation\golfballphysicssim\gameengine\release\gameengine.tlog\lib-link.read.1.tlog
d:\users\matthew\documents\masters degree\dissertation\golfballphysicssim\gameengine\release\gameengine.tlog\lib-link.write.1.tlog
d:\users\matthew\documents\masters degree\dissertation\golfballphysicssim\gameengine\release\gameengine.tlog\lib.command.1.tlog
